\BOOKMARK [0][]{chapter*.1}{\376\377\122\115\212\000}{}% 1
\BOOKMARK [0][]{chapter*.3}{\376\377\122\115\212\000}{}% 2
\BOOKMARK [0][]{chapter.1}{\376\377\173\054\116\000\172\340\000\040\121\154\224\245\122\240\133\306\166\204\151\202\217\360}{}% 3
\BOOKMARK [1][]{section.1.1}{\376\377\0001\000.\0001\000\040\200\314\146\157\116\016\215\167\156\220}{chapter.1}% 4
\BOOKMARK [1][]{section.1.2}{\376\377\0001\000.\0002\000\040\123\321\134\125\123\206\172\013\173\200\116\313}{chapter.1}% 5
\BOOKMARK [2][]{subsection.1.2.1}{\376\377\0001\000.\0002\000.\0001\000\040\133\211\121\150\140\047\130\236\137\072}{section.1.2}% 6
\BOOKMARK [2][]{subsection.1.2.2}{\376\377\0001\000.\0002\000.\0002\000\040\122\237\200\375\140\047\116\060\133\314}{section.1.2}% 7
\BOOKMARK [0][]{chapter.2}{\376\377\173\054\116\214\172\340\000\040\121\306\131\007\167\345\213\306}{}% 8
\BOOKMARK [1][]{section.2.1}{\376\377\0002\000.\0001\000\040\173\046\123\367\116\016\213\260\123\367}{chapter.2}% 9
\BOOKMARK [1][]{section.2.2}{\376\377\0002\000.\0002\000\040\123\357\213\301\146\016\133\211\121\150\145\271\154\325}{chapter.2}% 10
\BOOKMARK [2][]{subsection.2.2.1}{\376\377\0002\000.\0002\000.\0001\000\040\131\202\117\125\116\146\121\231\133\211\121\150\140\047\213\301\146\016}{section.2.2}% 11
\BOOKMARK [1][]{section.2.3}{\376\377\0002\000.\0003\000\040\126\360\226\276\225\356\230\230}{chapter.2}% 12
\BOOKMARK [2][]{subsection.2.3.1}{\376\377\0002\000.\0003\000.\0001\000\040\145\164\145\160\122\006\211\343\174\173\120\107\213\276}{section.2.3}% 13
\BOOKMARK [2][]{subsection.2.3.2}{\376\377\0002\000.\0003\000.\0002\000\040\171\273\145\143\133\371\145\160\174\173\120\107\213\276}{section.2.3}% 14
\BOOKMARK [2][]{subsection.2.3.3}{\376\377\0002\000.\0003\000.\0003\000\040\150\074\174\173\120\107\213\276}{section.2.3}% 15
\BOOKMARK [1][]{section.2.4}{\376\377\0002\000.\0004\000\040\131\015\147\102\140\047\164\006\213\272\122\035\153\145}{chapter.2}% 16
\BOOKMARK [1][]{section.2.5}{\376\377\0002\000.\0005\000\040\117\341\140\157\213\272\135\345\121\167}{chapter.2}% 17
\BOOKMARK [2][]{subsection.2.5.1}{\376\377\0002\000.\0005\000.\0001\000\040\161\265\166\204\151\202\137\365}{section.2.5}% 18
\BOOKMARK [2][]{subsection.2.5.2}{\376\377\0002\000.\0005\000.\0002\000\040\226\217\147\072\140\047\143\320\123\326}{section.2.5}% 19
\BOOKMARK [1][]{section.2.6}{\376\377\0002\000.\0006\000\040\121\154\224\245\122\240\133\306\127\372\147\054\133\211\121\150\152\041\127\213}{chapter.2}% 20
\BOOKMARK [2][]{subsection.2.6.1}{\376\377\0002\000.\0006\000.\0001\000\040\121\154\224\245\122\240\133\306\145\271\150\110}{section.2.6}% 21
\BOOKMARK [3][]{subsubsection.2.6.1.1}{\376\377\0002\000.\0006\000.\0001\000.\0001\000\040\127\372\147\054\140\047\215\050}{subsection.2.6.1}% 22
\BOOKMARK [2][]{subsection.2.6.2}{\376\377\0002\000.\0006\000.\0002\000\040\133\306\224\245\134\001\210\305\147\072\122\066}{section.2.6}% 23
\BOOKMARK [2][]{subsection.2.6.3}{\376\377\0002\000.\0006\000.\0003\000\040\116\044\174\173\155\367\124\010\122\240\133\306\203\003\137\017\166\204\153\324\217\203}{section.2.6}% 24
\BOOKMARK [0][]{chapter.3}{\376\377\173\054\116\011\172\340\000\040\176\317\121\170\121\154\224\245\122\240\133\306\145\271\150\110\126\336\230\176}{}% 25
\BOOKMARK [1][]{section.3.1}{\376\377\0003\000.\0001\000\040\127\372\116\216\145\160\213\272\225\356\230\230\166\204\176\317\121\170\145\271\150\110}{chapter.3}% 26
\BOOKMARK [2][]{subsection.3.1.1}{\376\377\0003\000.\0001\000.\0001\000\040\000G\000o\000l\000d\000w\000a\000s\000s\000e\000r\000-\000M\000i\000c\000a\000l\000i\000\040\000P\000K\000E}{section.3.1}% 27
\BOOKMARK [2][]{subsection.3.1.2}{\376\377\0003\000.\0001\000.\0002\000\040\000R\000a\000b\000i\000n\000\040\000P\000K\000E}{section.3.1}% 28
\BOOKMARK [1][]{section.3.2}{\376\377\0003\000.\0002\000\040\127\372\116\216\171\273\145\143\133\371\145\160\174\173\225\356\230\230\166\204\176\317\121\170\145\271\150\110}{chapter.3}% 29
\BOOKMARK [2][]{subsection.3.2.1}{\376\377\0003\000.\0002\000.\0001\000\040\000E\000l\000G\000a\000m\000a\000l\000\040\000P\000K\000E}{section.3.2}% 30
\BOOKMARK [2][]{subsection.3.2.2}{\376\377\0003\000.\0002\000.\0002\000\040\000T\000w\000i\000s\000t\000e\000d\000\040\000E\000l\000G\000a\000m\000a\000l\000\040\000P\000K\000E}{section.3.2}% 31
\BOOKMARK [1][]{section.3.3}{\376\377\0003\000.\0003\000\040\127\372\116\216\150\074\225\356\230\230\166\204\176\317\121\170\145\271\150\110}{chapter.3}% 32
\BOOKMARK [2][]{subsection.3.3.1}{\376\377\0003\000.\0003\000.\0001\000\040\000R\000e\000g\000e\000v\000\040\000P\000K\000E}{section.3.3}% 33
\BOOKMARK [2][]{subsection.3.3.2}{\376\377\0003\000.\0003\000.\0002\000\040\000G\000P\000V\000\040\000P\000K\000E}{section.3.3}% 34
\BOOKMARK [0][]{chapter.4}{\376\377\173\054\126\333\172\340\000\040\220\032\165\050\147\204\220\040\145\271\154\325}{}% 35
\BOOKMARK [1][]{section.4.1}{\376\377\0004\000.\0001\000\040\123\125\124\021\226\167\225\350\121\375\145\160\174\173}{chapter.4}% 36
\BOOKMARK [2][]{subsection.4.1.1}{\376\377\0004\000.\0001\000.\0001\000\040\123\125\124\021\226\167\225\350\121\375\145\160}{section.4.1}% 37
\BOOKMARK [2][]{subsection.4.1.2}{\376\377\0004\000.\0001\000.\0002\000\040\147\011\143\137\226\167\225\350\121\375\145\160}{section.4.1}% 38
\BOOKMARK [2][]{subsection.4.1.3}{\376\377\0004\000.\0001\000.\0003\000\040\166\370\121\163\171\357\123\125\124\021\226\167\225\350\121\375\145\160}{section.4.1}% 39
\BOOKMARK [2][]{subsection.4.1.4}{\376\377\0004\000.\0001\000.\0004\000\040\201\352\220\002\136\224\123\125\124\021\226\167\225\350\121\375\145\160}{section.4.1}% 40
\BOOKMARK [1][]{section.4.2}{\376\377\0004\000.\0002\000\040\124\310\136\014\213\301\146\016\174\373\176\337\174\173}{chapter.4}% 41
\BOOKMARK [2][]{subsection.4.2.1}{\376\377\0004\000.\0002\000.\0001\000\040\215\167\156\220\221\312\165\221}{section.4.2}% 42
\BOOKMARK [2][]{subsection.4.2.2}{\376\377\0004\000.\0002\000.\0002\000\040\000H\000P\000S\166\204\147\204\220\040}{section.4.2}% 43
\BOOKMARK [2][]{subsection.4.2.3}{\376\377\0004\000.\0002\000.\0003\000\040\127\372\116\216\000H\000P\000S\147\204\220\040\000I\000N\000D\000-\000C\000P\000A\000\040\000K\000E\000M}{section.4.2}% 44
\BOOKMARK [2][]{subsection.4.2.4}{\376\377\0004\000.\0002\000.\0004\000\040\127\372\116\216\000H\000P\000S\147\204\220\040\000I\000N\000D\000-\000C\000C\000A\000\040\000K\000E\000M}{section.4.2}% 45
\BOOKMARK [1][]{section.4.3}{\376\377\0004\000.\0003\000\040\123\357\143\320\123\326\124\310\136\014\213\301\146\016\174\373\176\337\174\173}{chapter.4}% 46
\BOOKMARK [2][]{subsection.4.3.1}{\376\377\0004\000.\0003\000.\0001\000\040\215\167\156\220\221\312\165\221}{section.4.3}% 47
\BOOKMARK [2][]{subsection.4.3.2}{\376\377\0004\000.\0003\000.\0002\000\040\000E\000H\000P\000S\166\204\147\204\220\040}{section.4.3}% 48
\BOOKMARK [2][]{subsection.4.3.3}{\376\377\0004\000.\0003\000.\0003\000\040\127\372\116\216\000E\000H\000P\000S\147\204\220\040\000I\000N\000D\000-\000C\000P\000A\000\040\000K\000E\000M}{section.4.3}% 49
\BOOKMARK [2][]{subsection.4.3.4}{\376\377\0004\000.\0003\000.\0004\000\040\127\372\116\216\000E\000H\000P\000S\147\204\220\040\000I\000N\000D\000-\000C\000C\000A\000\040\000K\000E\000M}{section.4.3}% 50
\BOOKMARK [2][]{subsection.4.3.5}{\376\377\0004\000.\0003\000.\0005\000\040\134\017\176\323}{section.4.3}% 51
\BOOKMARK [3][]{subsubsection.4.3.5.1}{\376\377\0004\000.\0003\000.\0005\000.\0001\000\040\000H\000P\000S\116\016\000E\000H\000P\000S\166\204\122\006\147\220\153\324\217\203}{subsection.4.3.5}% 52
\BOOKMARK [1][]{section.4.4}{\376\377\0004\000.\0004\000\040\172\013\136\217\155\367\155\306\174\173}{chapter.4}% 53
\BOOKMARK [2][]{subsection.4.4.1}{\376\377\0004\000.\0004\000.\0001\000\040\200\314\146\157\167\345\213\306}{section.4.4}% 54
\BOOKMARK [2][]{subsection.4.4.2}{\376\377\0004\000.\0004\000.\0002\000\040\123\327\226\120\117\052\226\217\147\072\121\375\145\160}{section.4.4}% 55
\BOOKMARK [2][]{subsection.4.4.3}{\376\377\0004\000.\0004\000.\0003\000\040\127\372\116\216\116\015\123\357\123\072\122\006\155\367\155\306\166\204\000K\000E\000M\147\204\220\040}{section.4.4}% 56
\BOOKMARK [1][]{section.4.5}{\376\377\0004\000.\0005\000\040\123\357\121\154\137\000\154\102\120\074\117\052\226\217\147\072\121\375\145\160\174\173}{chapter.4}% 57
\BOOKMARK [2][]{subsection.4.5.1}{\376\377\0004\000.\0005\000.\0001\000\040\133\232\116\111\116\016\133\211\121\150\140\047}{section.4.5}% 58
\BOOKMARK [2][]{subsection.4.5.2}{\376\377\0004\000.\0005\000.\0002\000\040\127\372\116\216\000P\000E\000P\000R\000F\166\204\000K\000E\000M\147\204\220\040}{section.4.5}% 59
\BOOKMARK [2][]{subsection.4.5.3}{\376\377\0004\000.\0005\000.\0003\000\040\000P\000E\000P\000R\000F\166\204\147\204\220\040}{section.4.5}% 60
\BOOKMARK [3][]{subsubsection.4.5.3.1}{\376\377\0004\000.\0005\000.\0003\000.\0001\000\040\127\372\116\216\000D\000D\000H\120\107\213\276\166\204\000P\000E\000P\000R\000F}{subsection.4.5.3}% 61
\BOOKMARK [3][]{subsubsection.4.5.3.2}{\376\377\0004\000.\0005\000.\0003\000.\0002\000\040\127\372\116\216\000Q\000R\120\107\213\276\166\204\000P\000E\000P\000R\000F}{subsection.4.5.3}% 62
\BOOKMARK [3][]{subsubsection.4.5.3.3}{\376\377\0004\000.\0005\000.\0003\000.\0003\000\040\127\372\116\216\000T\000D\000F\166\204\000P\000E\000P\000R\000F}{subsection.4.5.3}% 63
\BOOKMARK [3][]{subsubsection.4.5.3.4}{\376\377\0004\000.\0005\000.\0003\000.\0004\000\040\127\372\116\216\000H\000P\000S\166\204\000P\000E\000P\000R\000F\147\204\220\040}{subsection.4.5.3}% 64
\BOOKMARK [3][]{subsubsection.4.5.3.5}{\376\377\0004\000.\0005\000.\0003\000.\0005\000\040\127\372\116\216\000E\000H\000P\000S\166\204\000P\000E\000P\000R\000F\147\204\220\040}{subsection.4.5.3}% 65
\BOOKMARK [3][]{subsubsection.4.5.3.6}{\376\377\0004\000.\0005\000.\0003\000.\0006\000\040\127\372\116\216\000i\000O\166\204\000P\000E\000P\000R\000F\147\204\220\040}{subsection.4.5.3}% 66
\BOOKMARK [2][]{subsection.4.5.4}{\376\377\0004\000.\0005\000.\0004\000\040\134\017\176\323}{section.4.5}% 67
\BOOKMARK [0][]{chapter.5}{\376\377\173\054\116\224\172\340\000\040\121\154\224\245\122\240\133\306\166\204\133\211\121\150\140\047\130\236\137\072}{}% 68
\BOOKMARK [1][]{section.5.1}{\376\377\0005\000.\0001\000\040\142\227\154\304\157\017\133\211\121\150}{chapter.5}% 69
\BOOKMARK [2][]{subsection.5.1.1}{\376\377\0005\000.\0001\000.\0001\000\040\133\211\121\150\152\041\127\213}{section.5.1}% 70
\BOOKMARK [2][]{subsection.5.1.2}{\376\377\0005\000.\0001\000.\0002\000\040\000N\000S\0000\0009\145\271\150\110}{section.5.1}% 71
\BOOKMARK [3][]{subsubsection.5.1.2.1}{\376\377\0005\000.\0001\000.\0002\000.\0001\000\040\127\372\116\216\124\310\136\014\213\301\146\016\174\373\176\337\166\204\220\032\165\050\147\204\220\040}{subsection.5.1.2}% 72
\BOOKMARK [3][]{subsubsection.5.1.2.2}{\376\377\0005\000.\0001\000.\0002\000.\0002\000\040\127\372\116\216\000D\000D\000H\225\356\230\230\166\204\133\236\117\213\123\026\145\271\150\110}{subsection.5.1.2}% 73
\BOOKMARK [2][]{subsection.5.1.3}{\376\377\0005\000.\0001\000.\0003\000\040\000Q\000L\0001\0003\145\271\150\110}{section.5.1}% 74
\BOOKMARK [3][]{subsubsection.5.1.3.1}{\376\377\0005\000.\0001\000.\0003\000.\0001\000\040\116\000\153\041\147\011\143\137\217\307\156\344\126\150}{subsection.5.1.3}% 75
\BOOKMARK [3][]{subsubsection.5.1.3.2}{\376\377\0005\000.\0001\000.\0003\000.\0002\000\040\127\372\116\216\116\000\153\041\147\011\143\137\217\307\156\344\126\150\166\204\220\032\165\050\147\204\220\040}{subsection.5.1.3}% 76
\BOOKMARK [3][]{subsubsection.5.1.3.3}{\376\377\0005\000.\0001\000.\0003\000.\0003\000\040\127\372\116\216\000D\000D\000H\225\356\230\230\166\204\133\236\117\213\123\026\145\271\150\110}{subsection.5.1.3}% 77
\BOOKMARK [2][]{subsection.5.1.4}{\376\377\0005\000.\0001\000.\0004\000\040\000C\000Q\000X\0001\0008\145\271\150\110}{section.5.1}% 78
\BOOKMARK [3][]{subsubsection.5.1.4.1}{\376\377\0005\000.\0001\000.\0004\000.\0001\000\040\211\304\122\031\147\011\143\137\121\375\145\160\123\312\142\151\134\125}{subsection.5.1.4}% 79
\BOOKMARK [3][]{subsubsection.5.1.4.2}{\376\377\0005\000.\0001\000.\0004\000.\0002\000\040\121\150\226\144\116\000\211\304\122\031\147\011\143\137\121\375\145\160\166\204\121\167\117\123\147\204\220\040}{subsection.5.1.4}% 80
\BOOKMARK [3][]{subsubsection.5.1.4.3}{\376\377\0005\000.\0001\000.\0004\000.\0003\000\040\121\150\226\144\116\000\211\304\122\031\147\011\143\137\121\375\145\160\166\204\220\032\165\050\147\204\220\040}{subsection.5.1.4}% 81
\BOOKMARK [3][]{subsubsection.5.1.4.4}{\376\377\0005\000.\0001\000.\0004\000.\0004\000\040\211\304\122\031\147\011\143\137\121\375\145\160\166\204\136\224\165\050}{subsection.5.1.4}% 82
\BOOKMARK [2][]{subsection.5.1.5}{\376\377\0005\000.\0001\000.\0005\000\040\000C\000W\000Z\0001\0008\145\271\150\110}{section.5.1}% 83
\BOOKMARK [3][]{subsubsection.5.1.5.1}{\376\377\0005\000.\0001\000.\0005\000.\0001\000\040\000L\000R\000-\000P\000E\000P\000R\000F\000s\166\204\133\232\116\111}{subsection.5.1.5}% 84
\BOOKMARK [3][]{subsubsection.5.1.5.2}{\376\377\0005\000.\0001\000.\0005\000.\0002\000\040\000L\000R\000-\000P\000E\000P\000R\000F\000s\166\204\147\204\220\040}{subsection.5.1.5}% 85
\BOOKMARK [3][]{subsubsection.5.1.5.3}{\376\377\0005\000.\0001\000.\0005\000.\0003\000\040\000L\000R\000-\000P\000E\000P\000R\000F\000s\166\204\136\224\165\050}{subsection.5.1.5}% 86
\BOOKMARK [1][]{section.5.2}{\376\377\0005\000.\0002\000\040\142\227\173\341\145\071\133\211\121\150}{chapter.5}% 87
\BOOKMARK [2][]{subsection.5.2.1}{\376\377\0005\000.\0002\000.\0001\000\040\133\211\121\150\152\041\127\213}{section.5.2}% 88
\BOOKMARK [2][]{subsection.5.2.2}{\376\377\0005\000.\0002\000.\0002\000\040\000W\000e\000e\0001\0002\145\271\150\110}{section.5.2}% 89
\BOOKMARK [3][]{subsubsection.5.2.2.1}{\376\377\0005\000.\0002\000.\0002\000.\0001\000\040\201\352\220\002\136\224\123\125\124\021\226\167\225\350\121\163\174\373\166\204\162\171\153\212\140\047\215\050}{subsection.5.2.2}% 90
\BOOKMARK [3][]{subsubsection.5.2.2.2}{\376\377\0005\000.\0002\000.\0002\000.\0002\000\040\127\372\116\216\201\352\220\002\136\224\123\125\124\021\226\167\225\350\121\163\174\373\166\204\000R\000K\000A\000-\000C\000C\000A\145\271\150\110}{subsection.5.2.2}% 91
\BOOKMARK [2][]{subsection.5.2.3}{\376\377\0005\000.\0002\000.\0003\000\040\000C\000Q\000Z\000+\0002\0002\145\271\150\110}{section.5.2}% 92
\BOOKMARK [3][]{subsubsection.5.2.3.1}{\376\377\0005\000.\0002\000.\0003\000.\0001\000\040\116\015\123\357\136\366\134\125\121\375\145\160}{subsection.5.2.3}% 93
\BOOKMARK [3][]{subsubsection.5.2.3.2}{\376\377\0005\000.\0002\000.\0003\000.\0002\000\040\116\015\123\357\136\366\134\125\140\047\116\016\123\125\124\021\140\047\116\113\225\364\166\204\121\163\174\373}{subsection.5.2.3}% 94
\BOOKMARK [3][]{subsubsection.5.2.3.3}{\376\377\0005\000.\0002\000.\0003\000.\0003\000\040\116\015\123\357\136\366\134\125\121\375\145\160\166\204\147\204\220\040}{subsection.5.2.3}% 95
\BOOKMARK [3][]{subsubsection.5.2.3.4}{\376\377\0005\000.\0002\000.\0003\000.\0004\000\040\116\015\123\357\136\366\134\125\121\375\145\160\166\204\136\224\165\050}{subsection.5.2.3}% 96
\BOOKMARK [1][]{section.5.3}{\376\377\0005\000.\0003\000\040\155\210\140\157\117\235\215\126\133\306\224\245\133\211\121\150}{chapter.5}% 97
\BOOKMARK [2][]{subsection.5.3.1}{\376\377\0005\000.\0003\000.\0001\000\040\133\211\121\150\152\041\127\213}{section.5.3}% 98
\BOOKMARK [2][]{subsection.5.3.2}{\376\377\0005\000.\0003\000.\0002\000\040\000W\000e\000e\0001\0006\145\271\150\110}{section.5.3}% 99
\BOOKMARK [3][]{subsubsection.5.3.2.1}{\376\377\0005\000.\0003\000.\0002\000.\0001\000\040\124\014\140\001\136\163\156\321\116\377\134\004\124\310\136\014}{subsection.5.3.2}% 100
\BOOKMARK [3][]{subsubsection.5.3.2.2}{\376\377\0005\000.\0003\000.\0002\000.\0002\000\040\127\372\116\216\124\014\140\001\136\163\156\321\116\377\134\004\124\310\136\014\166\204\000K\000D\000M\000-\000C\000P\000A\145\271\150\110}{subsection.5.3.2}% 101
\BOOKMARK [2][]{subsection.5.3.3}{\376\377\0005\000.\0003\000.\0003\000\040\000H\000L\000L\0001\0006\145\271\150\110}{section.5.3}% 102
\BOOKMARK [3][]{subsubsection.5.3.3.1}{\376\377\0005\000.\0003\000.\0003\000.\0001\000\040\145\057\143\001\217\205\122\251\217\223\121\145\166\204\213\244\213\301\122\240\133\306\145\271\150\110}{subsection.5.3.3}% 103
\BOOKMARK [3][]{subsubsection.5.3.3.2}{\376\377\0005\000.\0003\000.\0003\000.\0002\000\040\000K\000D\000M\000-\000C\000C\000A\145\271\150\110\166\204\220\032\165\050\213\276\213\241\145\271\154\325}{subsection.5.3.3}% 104
\BOOKMARK [3][]{subsubsection.5.3.3.3}{\376\377\0005\000.\0003\000.\0003\000.\0003\000\040\133\236\117\213\123\026\145\271\150\110}{subsection.5.3.3}% 105
\BOOKMARK [2][]{subsection.5.3.4}{\376\377\0005\000.\0003\000.\0004\000\040\000Q\000L\000H\0001\0003\145\271\150\110}{section.5.3}% 106
\BOOKMARK [3][]{subsubsection.5.3.4.1}{\376\377\0005\000.\0003\000.\0004\000.\0001\000\040\000K\000D\000M\121\375\145\160\145\317\133\232\116\111}{subsection.5.3.4}% 107
\BOOKMARK [3][]{subsubsection.5.3.4.2}{\376\377\0005\000.\0003\000.\0004\000.\0002\000\040\000K\000D\000M\000-\000C\000C\000A\133\211\121\150\166\204\000C\000r\000a\000m\000e\000r\000-\000S\000h\000o\000u\000p\145\271\150\110}{subsection.5.3.4}% 108
\BOOKMARK [0][]{chapter.6}{\376\377\173\054\121\155\172\340\000\040\121\154\224\245\122\240\133\306\166\204\122\237\200\375\140\047\142\151\134\125}{}% 109
\BOOKMARK [1][]{section.6.1}{\376\377\0006\000.\0001\000\040\170\156\133\232\140\047\121\154\224\245\122\240\133\306}{chapter.6}% 110
\BOOKMARK [2][]{subsection.6.1.1}{\376\377\0006\000.\0001\000.\0001\000\040\133\211\121\150\152\041\127\213}{section.6.1}% 111
\BOOKMARK [2][]{subsection.6.1.2}{\376\377\0006\000.\0001\000.\0002\000\040\127\372\116\216\133\371\120\166\116\377\134\004\124\310\136\014\166\204\000D\000P\000K\000E\145\271\150\110}{section.6.1}% 112
\BOOKMARK [3][]{subsubsection.6.1.2.1}{\376\377\0006\000.\0001\000.\0002\000.\0001\000\040\133\371\120\166\116\377\134\004\124\310\136\014}{subsection.6.1.2}% 113
\BOOKMARK [3][]{subsubsection.6.1.2.2}{\376\377\0006\000.\0001\000.\0002\000.\0002\000\040\000D\000P\000K\000E\145\271\150\110\166\204\147\204\220\040}{subsection.6.1.2}% 114
\BOOKMARK [2][]{subsection.6.1.3}{\376\377\0006\000.\0001\000.\0003\000\040\127\372\116\216\000D\000L\000I\000N\166\204\133\236\117\213\123\026\145\271\150\110}{section.6.1}% 115
\BOOKMARK [1][]{section.6.2}{\376\377\0006\000.\0002\000\040\123\357\144\034\175\042\121\154\224\245\122\240\133\306}{chapter.6}% 116
\BOOKMARK [2][]{subsection.6.2.1}{\376\377\0006\000.\0002\000.\0001\000\040\000P\000E\000K\000S\145\271\150\110}{section.6.2}% 117
\BOOKMARK [3][]{subsubsection.6.2.1.1}{\376\377\0006\000.\0002\000.\0001\000.\0001\000\040\137\142\137\017\123\026\133\232\116\111}{subsection.6.2.1}% 118
\BOOKMARK [3][]{subsubsection.6.2.1.2}{\376\377\0006\000.\0002\000.\0001\000.\0002\000\040\133\211\121\150\152\041\127\213}{subsection.6.2.1}% 119
\BOOKMARK [3][]{subsubsection.6.2.1.3}{\376\377\0006\000.\0002\000.\0001\000.\0003\000\040\000P\000E\000K\000S\116\016\000I\000B\000E\116\113\225\364\166\204\121\163\174\373}{subsection.6.2.1}% 120
\BOOKMARK [3][]{subsubsection.6.2.1.4}{\376\377\0006\000.\0002\000.\0001\000.\0004\000\040\145\271\150\110\147\204\220\040}{subsection.6.2.1}% 121
\BOOKMARK [2][]{subsection.6.2.2}{\376\377\0006\000.\0002\000.\0002\000\040\000P\000K\000E\000-\000P\000E\000K\000S\145\271\150\110}{section.6.2}% 122
\BOOKMARK [3][]{subsubsection.6.2.2.1}{\376\377\0006\000.\0002\000.\0002\000.\0001\000\040\137\142\137\017\123\026\133\232\116\111}{subsection.6.2.2}% 123
\BOOKMARK [3][]{subsubsection.6.2.2.2}{\376\377\0006\000.\0002\000.\0002\000.\0002\000\040\133\211\121\150\152\041\127\213}{subsection.6.2.2}% 124
\BOOKMARK [3][]{subsubsection.6.2.2.3}{\376\377\0006\000.\0002\000.\0002\000.\0003\000\040\145\271\150\110\147\204\220\040}{subsection.6.2.2}% 125
\BOOKMARK [2][]{subsection.6.2.3}{\376\377\0006\000.\0002\000.\0003\000\040\000P\000A\000E\000K\000S\145\271\150\110}{section.6.2}% 126
\BOOKMARK [3][]{subsubsection.6.2.3.1}{\376\377\0006\000.\0002\000.\0003\000.\0001\000\040\137\142\137\017\123\026\133\232\116\111}{subsection.6.2.3}% 127
\BOOKMARK [3][]{subsubsection.6.2.3.2}{\376\377\0006\000.\0002\000.\0003\000.\0002\000\040\133\211\121\150\152\041\127\213}{subsection.6.2.3}% 128
\BOOKMARK [3][]{subsubsection.6.2.3.3}{\376\377\0006\000.\0002\000.\0003\000.\0003\000\040\145\271\150\110\147\204\220\040}{subsection.6.2.3}% 129
\BOOKMARK [3][]{subsubsection.6.2.3.4}{\376\377\0006\000.\0002\000.\0003\000.\0004\000\040\136\224\165\050}{subsection.6.2.3}% 130
\BOOKMARK [0][]{chapter.7}{\376\377\173\054\116\003\172\340\000\040\150\007\121\306\123\026\123\312\135\345\172\013\133\236\215\365}{}% 131
\BOOKMARK [1][]{section.7.1}{\376\377\0007\000.\0001\000\040\150\007\121\306\123\026\116\016\135\345\172\013\133\236\215\365}{chapter.7}% 132
\BOOKMARK [2][]{subsection.7.1.1}{\376\377\0007\000.\0001\000.\0001\000\040\121\154\224\245\122\240\133\306\166\204\150\007\121\306\123\026}{section.7.1}% 133
\BOOKMARK [3][]{subsubsection.7.1.1.1}{\376\377\0007\000.\0001\000.\0001\000.\0001\000\040\126\375\121\205\131\026\150\007\121\306\123\026\176\304\176\307\173\200\116\313}{subsection.7.1.1}% 134
\BOOKMARK [3][]{subsubsection.7.1.1.2}{\376\377\0007\000.\0001\000.\0001\000.\0002\000\040\121\154\224\245\122\240\133\306\150\007\121\306\145\271\150\110}{subsection.7.1.1}% 135
\BOOKMARK [2][]{subsection.7.1.2}{\376\377\0007\000.\0001\000.\0002\000\040\121\154\224\245\122\240\133\306\166\204\135\345\172\013\133\236\215\365}{section.7.1}% 136
\BOOKMARK [3][]{subsubsection.7.1.2.1}{\376\377\0007\000.\0001\000.\0002\000.\0001\000\040\221\315\211\201\145\271\150\110\166\204\117\030\171\300\137\000\156\220\133\236\163\260}{subsection.7.1.2}% 137
\BOOKMARK [3][]{subsubsection.7.1.2.2}{\376\377\0007\000.\0001\000.\0002\000.\0002\000\040\221\315\211\201\166\204\137\000\156\220\133\306\170\001\136\223}{subsection.7.1.2}% 138
\BOOKMARK [2][]{subsection.7.1.3}{\376\377\0007\000.\0001\000.\0003\000\040\121\154\224\245\133\306\170\001\133\146\166\204\135\345\172\013\133\236\215\365\176\317\232\214}{section.7.1}% 139
\BOOKMARK [0][]{chapter*.92}{\376\377\123\302\200\003\145\207\163\056}{}% 140
\BOOKMARK [0][]{appendix*.93}{\376\377\124\016\213\260}{}% 141
